2022-09-01 09:45:31,860 INFO     Starting new run.
2022-09-01 09:45:39,225 INFO     Files read.
2022-09-01 09:45:39,241 INFO     Columns dropped.
2022-09-01 09:45:39,259 INFO     Dataframes joined.
2022-09-01 09:45:39,274 INFO     Columns renamed.
2022-09-01 09:45:39,290 INFO     Columns filtered.
2022-09-01 09:45:40,484 INFO     File written.
2022-09-01 09:45:40,484 INFO     Run end.
2022-09-01 10:55:58,660 INFO     Starting new run.
2022-09-01 10:56:06,441 INFO     Files read.
2022-09-01 10:56:06,456 INFO     Columns dropped.
2022-09-01 10:56:06,481 INFO     Dataframes joined.
2022-09-01 10:56:06,524 INFO     Columns renamed.
2022-09-01 10:56:06,554 INFO     Columns filtered.
2022-09-01 10:56:08,065 INFO     File written.
2022-09-01 10:56:08,065 INFO     Run end.
2022-09-01 10:58:48,790 INFO     Starting new run.
2022-09-01 10:58:48,790 INFO     Filepaths: C:\Users\kwandel\Desktop\data\dataset_one.csv C:\Users\kwandel\Desktop\data\dataset_two.csv
2022-09-01 10:59:03,203 INFO     Starting new run.
2022-09-01 10:59:03,203 INFO     Filepaths: C:\Users\kwandel\Desktop\data\dataset_one.csv C:\Users\kwandel\Desktop\data\dataset_two.csv
2022-09-01 10:59:03,203 INFO     Countries: ['United Kingdom', 'Netherlands']
2022-09-01 10:59:10,859 INFO     Files read.
2022-09-01 10:59:10,876 INFO     Columns dropped.
2022-09-01 10:59:10,893 INFO     Dataframes joined.
2022-09-01 10:59:10,925 INFO     Columns renamed.
2022-09-01 10:59:10,942 INFO     Columns filtered.
2022-09-01 10:59:12,148 INFO     File written.
2022-09-01 10:59:12,148 INFO     Run end.
